<?xml version="1.0" encoding="UTF-8"?>
<!-- Generated by org.testng.reporters.JUnitXMLReporter -->
<testsuite ignored="0" hostname="LAPTOP-2NO4TO14" failures="1" tests="1" name="GroupTest" time="250.151" errors="0" timestamp="04 Jul 2021 23:14:54 GMT">
  <testcase classname="cucumber.api.testng.AbstractTestNGCucumberTests" name="feature" time="249.839">
    <failure type="cucumber.runtime.CucumberException" message="java.lang.AssertionError: Error al intentar obtener elemento. Key: xpath - Locator: /html/body/modal-container/div/div/ng-component/div/h3">
      <![CDATA[cucumber.runtime.CucumberException: java.lang.AssertionError: Error al intentar obtener elemento. Key: xpath - Locator: /html/body/modal-container/div/div/ng-component/div/h3
	at cucumber.api.testng.TestNGCucumberRunner.runCucumber(TestNGCucumberRunner.java:69)
	at cucumber.api.testng.AbstractTestNGCucumberTests.feature(AbstractTestNGCucumberTests.java:21)
Caused by: java.lang.AssertionError: Error al intentar obtener elemento. Key: xpath - Locator: /html/body/modal-container/div/div/ng-component/div/h3
	at com.bdd.VISOR.BaseClass.getElement(BaseClass.java:139)
	at com.bdd.VISOR.modoVisor.page.AveriasPage.validarMensajeUsuario(AveriasPage.java:96)
	at com.bdd.VISOR.modoVisor.step.AveriasStep.validarMensajeUsuario(AveriasStep.java:47)
	at com.bdd.VISOR.modoVisor.stepdefinition.AveriasStepDefinition.seEsperaElMensajeConElTestRealizado(AveriasStepDefinition.java:46)
	at âœ½.Then Se espera el mensaje "Servicio no disponible" con el test realizado(visor/diagnosticoReset.feature:61)
... Removed 29 stack frames]]>
    </failure>
  </testcase> <!-- feature -->
</testsuite> <!-- GroupTest -->
