<!DOCTYPE html PUBLIC "-//W3C//DTD XHTML 1.1//EN" "http://www.w3.org/TR/xhtml11/DTD/xhtml11.dtd">
<html xmlns="http://www.w3.org/1999/xhtml"><head><title>TestNG Report</title><style type="text/css">table {margin-bottom:10px;border-collapse:collapse;empty-cells:show}th,td {border:1px solid #009;padding:.25em .5em}th {vertical-align:bottom}td {vertical-align:top}table a {font-weight:bold}.stripe td {background-color: #E6EBF9}.num {text-align:right}.passedodd td {background-color: #3F3}.passedeven td {background-color: #0A0}.skippedodd td {background-color: #DDD}.skippedeven td {background-color: #CCC}.failedodd td,.attn {background-color: #F33}.failedeven td,.stripe .attn {background-color: #D00}.stacktrace {white-space:pre;font-family:monospace}.totop {font-size:85%;text-align:center;border-bottom:2px solid #000}</style></head><body><table><tr><th>Test</th><th># Passed</th><th># Skipped</th><th># Failed</th><th>Time (ms)</th><th>Included Groups</th><th>Excluded Groups</th></tr><tr><th colspan="7">Regression</th></tr><tr><td><a href="#t0">GroupTest</a></td><td class="num">0</td><td class="num">0</td><td class="num attn">1</td><td class="num">250,151</td><td></td><td></td></tr></table><table><thead><tr><th>Class</th><th>Method</th><th>Start</th><th>Time (ms)</th></tr></thead><tbody><tr><th colspan="4">Regression</th></tr></tbody><tbody id="t0"><tr><th colspan="4">GroupTest &#8212; failed</th></tr><tr class="failedeven"><td rowspan="1">com.bdd.runnerTest.RunnerTest</td><td><a href="#m0">feature</a></td><td rowspan="1">1625440244812</td><td rowspan="1">249839</td></tr></tbody></table><h2>GroupTest</h2><h3 id="m0">com.bdd.runnerTest.RunnerTest#feature</h3><table class="result"><tr class="param"><th>Parameter #1</th></tr><tr class="param stripe"><td>Como usuario deseo ingresar a la pagina principal de Visor</td></tr><tr><th>Exception</th></tr><tr><td><div class="stacktrace">cucumber.runtime.CucumberException: java.lang.AssertionError: Error al intentar obtener elemento. Key: xpath - Locator: /html/body/modal-container/div/div/ng-component/div/h3
	at cucumber.api.testng.TestNGCucumberRunner.runCucumber(TestNGCucumberRunner.java:69)
	at cucumber.api.testng.AbstractTestNGCucumberTests.feature(AbstractTestNGCucumberTests.java:21)
Caused by: java.lang.AssertionError: Error al intentar obtener elemento. Key: xpath - Locator: /html/body/modal-container/div/div/ng-component/div/h3
	at com.bdd.VISOR.BaseClass.getElement(BaseClass.java:139)
	at com.bdd.VISOR.modoVisor.page.AveriasPage.validarMensajeUsuario(AveriasPage.java:96)
	at com.bdd.VISOR.modoVisor.step.AveriasStep.validarMensajeUsuario(AveriasStep.java:47)
	at com.bdd.VISOR.modoVisor.stepdefinition.AveriasStepDefinition.seEsperaElMensajeConElTestRealizado(AveriasStepDefinition.java:46)
	at ?.Then Se espera el mensaje &quot;Servicio no disponible&quot; con el test realizado(visor/diagnosticoReset.feature:61)
... Removed 29 stack frames</div></td></tr></table><p class="totop"><a href="#summary">back to summary</a></p></body></html>