<?xml version="1.0" encoding="UTF-8"?>
<testng-results ignored="0" total="1" passed="0" failed="1" skipped="0">
  <reporter-output>
  </reporter-output>
  <suite started-at="2021-07-04T23:10:44Z" name="Regression" finished-at="2021-07-04T23:14:54Z" duration-ms="250151">
    <groups>
      <group name="cucumber">
        <method signature="AbstractTestNGCucumberTests.feature(cucumber.api.testng.CucumberFeatureWrapper)[pri:0, instance:com.bdd.runnerTest.RunnerTest@453da22c]" name="feature" class="cucumber.api.testng.AbstractTestNGCucumberTests"/>
      </group> <!-- cucumber -->
    </groups>
    <test started-at="2021-07-04T23:10:44Z" name="GroupTest" finished-at="2021-07-04T23:14:54Z" duration-ms="250151">
      <class name="com.bdd.runnerTest.RunnerTest">
        <test-method is-config="true" signature="setUpClass()[pri:0, instance:com.bdd.runnerTest.RunnerTest@453da22c]" started-at="2021-07-04T18:10:44Z" name="setUpClass" finished-at="2021-07-04T18:10:44Z" duration-ms="228" status="PASS">
          <reporter-output>
          </reporter-output>
        </test-method> <!-- setUpClass -->
        <test-method signature="feature(cucumber.api.testng.CucumberFeatureWrapper)[pri:0, instance:com.bdd.runnerTest.RunnerTest@453da22c]" started-at="2021-07-04T18:10:44Z" name="feature" description="Runs Cucumber Feature" data-provider="features" finished-at="2021-07-04T18:14:54Z" duration-ms="249839" status="FAIL">
          <params>
            <param index="0">
              <value>
                <![CDATA[Como usuario deseo ingresar a la pagina principal de Visor]]>
              </value>
            </param>
          </params>
          <exception class="cucumber.runtime.CucumberException">
            <message>
              <![CDATA[java.lang.AssertionError: Error al intentar obtener elemento. Key: xpath - Locator: /html/body/modal-container/div/div/ng-component/div/h3]]>
            </message>
            <full-stacktrace>
              <![CDATA[cucumber.runtime.CucumberException: java.lang.AssertionError: Error al intentar obtener elemento. Key: xpath - Locator: /html/body/modal-container/div/div/ng-component/div/h3
	at cucumber.api.testng.TestNGCucumberRunner.runCucumber(TestNGCucumberRunner.java:69)
	at cucumber.api.testng.AbstractTestNGCucumberTests.feature(AbstractTestNGCucumberTests.java:21)
	at java.base/jdk.internal.reflect.NativeMethodAccessorImpl.invoke0(Native Method)
	at java.base/jdk.internal.reflect.NativeMethodAccessorImpl.invoke(NativeMethodAccessorImpl.java:64)
	at java.base/jdk.internal.reflect.DelegatingMethodAccessorImpl.invoke(DelegatingMethodAccessorImpl.java:43)
	at java.base/java.lang.reflect.Method.invoke(Method.java:564)
	at org.testng.internal.MethodInvocationHelper.invokeMethod(MethodInvocationHelper.java:104)
	at org.testng.internal.Invoker.invokeMethod(Invoker.java:645)
	at org.testng.internal.Invoker.invokeTestMethod(Invoker.java:851)
	at org.testng.internal.Invoker.invokeTestMethods(Invoker.java:1177)
	at org.testng.internal.TestMethodWorker.invokeTestMethods(TestMethodWorker.java:129)
	at org.testng.internal.TestMethodWorker.run(TestMethodWorker.java:112)
	at org.testng.TestRunner.privateRun(TestRunner.java:756)
	at org.testng.TestRunner.run(TestRunner.java:610)
	at org.testng.SuiteRunner.runTest(SuiteRunner.java:387)
	at org.testng.SuiteRunner.runSequentially(SuiteRunner.java:382)
	at org.testng.SuiteRunner.privateRun(SuiteRunner.java:340)
	at org.testng.SuiteRunner.run(SuiteRunner.java:289)
	at org.testng.SuiteRunnerWorker.runSuite(SuiteRunnerWorker.java:52)
	at org.testng.SuiteRunnerWorker.run(SuiteRunnerWorker.java:86)
	at org.testng.TestNG.runSuitesSequentially(TestNG.java:1293)
	at org.testng.TestNG.runSuitesLocally(TestNG.java:1218)
	at org.testng.TestNG.runSuites(TestNG.java:1133)
	at org.testng.TestNG.run(TestNG.java:1104)
	at org.apache.maven.surefire.testng.TestNGExecutor.run(TestNGExecutor.java:281)
	at org.apache.maven.surefire.testng.TestNGXmlTestSuite.execute(TestNGXmlTestSuite.java:75)
	at org.apache.maven.surefire.testng.TestNGProvider.invoke(TestNGProvider.java:121)
	at org.apache.maven.surefire.booter.ForkedBooter.invokeProviderInSameClassLoader(ForkedBooter.java:290)
	at org.apache.maven.surefire.booter.ForkedBooter.runSuitesInProcess(ForkedBooter.java:242)
	at org.apache.maven.surefire.booter.ForkedBooter.main(ForkedBooter.java:121)
Caused by: java.lang.AssertionError: Error al intentar obtener elemento. Key: xpath - Locator: /html/body/modal-container/div/div/ng-component/div/h3
	at org.testng.Assert.fail(Assert.java:94)
	at com.bdd.VISOR.BaseClass.getElement(BaseClass.java:139)
	at com.bdd.VISOR.modoVisor.page.AveriasPage.validarMensajeUsuario(AveriasPage.java:96)
	at com.bdd.VISOR.modoVisor.step.AveriasStep.validarMensajeUsuario(AveriasStep.java:47)
	at com.bdd.VISOR.modoVisor.stepdefinition.AveriasStepDefinition.seEsperaElMensajeConElTestRealizado(AveriasStepDefinition.java:46)
	at âœ½.Then Se espera el mensaje "Servicio no disponible" con el test realizado(visor/diagnosticoReset.feature:61)
]]>
            </full-stacktrace>
          </exception> <!-- cucumber.runtime.CucumberException -->
          <reporter-output>
          </reporter-output>
        </test-method> <!-- feature -->
        <test-method is-config="true" signature="tearDownClass()[pri:0, instance:com.bdd.runnerTest.RunnerTest@453da22c]" started-at="2021-07-04T18:14:54Z" name="tearDownClass" finished-at="2021-07-04T18:14:54Z" duration-ms="8" status="PASS">
          <reporter-output>
          </reporter-output>
        </test-method> <!-- tearDownClass -->
      </class> <!-- com.bdd.runnerTest.RunnerTest -->
    </test> <!-- GroupTest -->
  </suite> <!-- Regression -->
</testng-results>
